<?xml version="1.0" encoding="UTF-8"?>
<!-- Generated by org.testng.reporters.JUnitReportReporter -->
<testsuite hostname="DESKTOP-KAFRPIC" failures="0" tests="1" name="execution.com.SmokeTestSuite" time="0.004" errors="0" timestamp="2023-01-02T14:54:11 BDT" skipped="0">
  <testcase classname="execution.com.SmokeTestSuite" name="loginTest" time="0.004"/>
  <system-out/>
</testsuite> <!-- execution.com.SmokeTestSuite -->
